# JRE version: OpenJDK Runtime Environment Temurin-17.0.13+11 (17.0.13+11) (build 17.0.13+11)
# Java VM: OpenJDK 64-Bit Server VM Temurin-17.0.13+11 (17.0.13+11, mixed mode, emulated-client, tiered, compressed oops, compressed class ptrs, g1 gc, windows-amd64)
GC Precious Log:
 CPUs: 4 total, 4 available
 Memory: 12286M
 Large Page Support: Disabled
 NUMA Support: Disabled
 Compressed Oops: Enabled (32-bit)
 Heap Region Size: 1M
 Heap Min Capacity: 8M
 Heap Initial Capacity: 192M
 Heap Max Capacity: 1G
 Pre-touch: Disabled
 Parallel Workers: 4
 Concurrent Workers: 1
 Concurrent Refinement Workers: 4
 Periodic GC: Disabled
Heap:
 garbage-first heap   total 106496K, used 32407K [0x00000000c0000000, 0x0000000100000000)
  region size 1024K, 1 young (1024K), 0 survivors (0K)
 Metaspace       used 61345K, committed 62080K, reserved 1114112K
  class space    used 7477K, committed 7744K, reserved 1048576K
GC Heap History (20 events):
Event: 43286.435 GC heap after
{Heap after GC invocations=4259 (full 4244):
 garbage-first heap   total 106496K, used 32407K [0x00000000c0000000, 0x0000000100000000)
  region size 1024K, 0 young (0K), 0 survivors (0K)
 Metaspace       used 61345K, committed 62080K, reserved 1114112K
  class space    used 7477K, committed 7744K, reserved 1048576K
}
Event: 43296.533 GC heap before
{Heap before GC invocations=4259 (full 4244):
 garbage-first heap   total 106496K, used 32407K [0x00000000c0000000, 0x0000000100000000)
  region size 1024K, 1 young (1024K), 0 survivors (0K)
 Metaspace       used 61345K, committed 62080K, reserved 1114112K
  class space    used 7477K, committed 7744K, reserved 1048576K
}
Event: 43296.566 GC heap after
{Heap after GC invocations=4260 (full 4245):
 garbage-first heap   total 106496K, used 32407K [0x00000000c0000000, 0x0000000100000000)
  region size 1024K, 0 young (0K), 0 survivors (0K)
 Metaspace       used 61345K, committed 62080K, reserved 1114112K
  class space    used 7477K, committed 7744K, reserved 1048576K
}
Event: 43306.688 GC heap before
{Heap before GC invocations=4260 (full 4245):
 garbage-first heap   total 106496K, used 32407K [0x00000000c0000000, 0x0000000100000000)
  region size 1024K, 1 young (1024K), 0 survivors (0K)
 Metaspace       used 61345K, committed 62080K, reserved 1114112K
  class space    used 7477K, committed 7744K, reserved 1048576K
}
Event: 43306.722 GC heap after
{Heap after GC invocations=4261 (full 4246):
 garbage-first heap   total 106496K, used 32407K [0x00000000c0000000, 0x0000000100000000)
  region size 1024K, 0 young (0K), 0 survivors (0K)
 Metaspace       used 61345K, committed 62080K, reserved 1114112K
  class space    used 7477K, committed 7744K, reserved 1048576K
}
Event: 43316.850 GC heap before
{Heap before GC invocations=4261 (full 4246):
 garbage-first heap   total 106496K, used 32407K [0x00000000c0000000, 0x0000000100000000)
  region size 1024K, 1 young (1024K), 0 survivors (0K)
 Metaspace       used 61345K, committed 62080K, reserved 1114112K
  class space    used 7477K, committed 7744K, reserved 1048576K
}
Event: 43316.885 GC heap after
{Heap after GC invocations=4262 (full 4247):
 garbage-first heap   total 106496K, used 32407K [0x00000000c0000000, 0x0000000100000000)
  region size 1024K, 0 young (0K), 0 survivors (0K)
 Metaspace       used 61345K, committed 62080K, reserved 1114112K
  class space    used 7477K, committed 7744K, reserved 1048576K
}
Event: 43326.992 GC heap before
{Heap before GC invocations=4262 (full 4247):
 garbage-first heap   total 106496K, used 32407K [0x00000000c0000000, 0x0000000100000000)
  region size 1024K, 1 young (1024K), 0 survivors (0K)
 Metaspace       used 61345K, committed 62080K, reserved 1114112K
  class space    used 7477K, committed 7744K, reserved 1048576K
}
Event: 43327.024 GC heap after
{Heap after GC invocations=4263 (full 4248):
 garbage-first heap   total 106496K, used 32407K [0x00000000c0000000, 0x0000000100000000)
  region size 1024K, 0 young (0K), 0 survivors (0K)
 Metaspace       used 61345K, committed 62080K, reserved 1114112K
  class space    used 7477K, committed 7744K, reserved 1048576K
}
Event: 43337.134 GC heap before
{Heap before GC invocations=4263 (full 4248):
 garbage-first heap   total 106496K, used 32407K [0x00000000c0000000, 0x0000000100000000)
  region size 1024K, 1 young (1024K), 0 survivors (0K)
 Metaspace       used 61345K, committed 62080K, reserved 1114112K
  class space    used 7477K, committed 7744K, reserved 1048576K
}
Event: 43337.167 GC heap after
{Heap after GC invocations=4264 (full 4249):
 garbage-first heap   total 106496K, used 32407K [0x00000000c0000000, 0x0000000100000000)
  region size 1024K, 0 young (0K), 0 survivors (0K)
 Metaspace       used 61345K, committed 62080K, reserved 1114112K
  class space    used 7477K, committed 7744K, reserved 1048576K
}
Event: 43347.266 GC heap before
{Heap before GC invocations=4264 (full 4249):
 garbage-first heap   total 106496K, used 32407K [0x00000000c0000000, 0x0000000100000000)
  region size 1024K, 1 young (1024K), 0 survivors (0K)
 Metaspace       used 61345K, committed 62080K, reserved 1114112K
  class space    used 7477K, committed 7744K, reserved 1048576K
}
Event: 43347.299 GC heap after
{Heap after GC invocations=4265 (full 4250):
 garbage-first heap   total 106496K, used 32407K [0x00000000c0000000, 0x0000000100000000)
  region size 1024K, 0 young (0K), 0 survivors (0K)
 Metaspace       used 61345K, committed 62080K, reserved 1114112K
  class space    used 7477K, committed 7744K, reserved 1048576K
}
Event: 43357.400 GC heap before
{Heap before GC invocations=4265 (full 4250):
 garbage-first heap   total 106496K, used 32407K [0x00000000c0000000, 0x0000000100000000)
  region size 1024K, 1 young (1024K), 0 survivors (0K)
 Metaspace       used 61345K, committed 62080K, reserved 1114112K
  class space    used 7477K, committed 7744K, reserved 1048576K
}
Event: 43357.433 GC heap after
{Heap after GC invocations=4266 (full 4251):
 garbage-first heap   total 106496K, used 32407K [0x00000000c0000000, 0x0000000100000000)
  region size 1024K, 0 young (0K), 0 survivors (0K)
 Metaspace       used 61345K, committed 62080K, reserved 1114112K
  class space    used 7477K, committed 7744K, reserved 1048576K
}
Event: 43367.542 GC heap before
{Heap before GC invocations=4266 (full 4251):
 garbage-first heap   total 106496K, used 32407K [0x00000000c0000000, 0x0000000100000000)
  region size 1024K, 1 young (1024K), 0 survivors (0K)
 Metaspace       used 61345K, committed 62080K, reserved 1114112K
  class space    used 7477K, committed 7744K, reserved 1048576K
}
Event: 43367.585 GC heap after
{Heap after GC invocations=4267 (full 4252):
 garbage-first heap   total 106496K, used 32407K [0x00000000c0000000, 0x0000000100000000)
  region size 1024K, 0 young (0K), 0 survivors (0K)
 Metaspace       used 61345K, committed 62080K, reserved 1114112K
  class space    used 7477K, committed 7744K, reserved 1048576K
}
Event: 43377.708 GC heap before
{Heap before GC invocations=4267 (full 4252):
 garbage-first heap   total 106496K, used 32407K [0x00000000c0000000, 0x0000000100000000)
  region size 1024K, 1 young (1024K), 0 survivors (0K)
 Metaspace       used 61345K, committed 62080K, reserved 1114112K
  class space    used 7477K, committed 7744K, reserved 1048576K
}
Event: 43377.741 GC heap after
{Heap after GC invocations=4268 (full 4253):
 garbage-first heap   total 106496K, used 32407K [0x00000000c0000000, 0x0000000100000000)
  region size 1024K, 0 young (0K), 0 survivors (0K)
 Metaspace       used 61345K, committed 62080K, reserved 1114112K
  class space    used 7477K, committed 7744K, reserved 1048576K
}
Event: 43387.778 GC heap before
{Heap before GC invocations=4268 (full 4253):
 garbage-first heap   total 106496K, used 32407K [0x00000000c0000000, 0x0000000100000000)
  region size 1024K, 1 young (1024K), 0 survivors (0K)
 Metaspace       used 61345K, committed 62080K, reserved 1114112K
  class space    used 7477K, committed 7744K, reserved 1048576K
}

